<?xml version="1.0" encoding="UTF-8"?>
<Site BuildName="Win32-ninja"
	BuildStamp="20260414-1553-Experimental"
	Name="GAKBULU-DE-LE02"
	Generator="ctest-4.3.1"
	CompilerName="C:/Program Files/Microsoft Visual Studio/18/Community/VC/Tools/MSVC/14.50.35717/bin/Hostx64/x64/cl.exe"
	CompilerVersion="19.50.35725.0"
	OSName="Windows"
	Hostname="GAKBULU-DE-LE02"
	OSRelease="10.0.26100"
	OSVersion="Windows 10"
	OSPlatform="AMD64"
	Is64Bits="1"
	VendorString="GenuineIntel"
	VendorID="Intel Corporation"
	FamilyID="6"
	ModelID="7"
	ModelName=""
	ProcessorCacheSize="-1"
	NumberOfLogicalCPU="32"
	NumberOfPhysicalCPU="24"
	TotalVirtualMemory="4096"
	TotalPhysicalMemory="65220"
	LogicalProcessorsPerPhysical="1"
	ProcessorClockFrequency="2200.000000"
	>
	<Testing>
		<StartDateTime>Apr 15 07:42 W. Europe Daylight Time</StartDateTime>
		<StartTestTime>1776231726</StartTestTime>
		<TestList/>
		<EndDateTime>Apr 15 07:42 W. Europe Daylight Time</EndDateTime>
		<EndTestTime>1776231726</EndTestTime>
		<ElapsedMinutes>0</ElapsedMinutes>
	</Testing>
</Site>
